<?xml version="1.0" encoding="UTF-8"?>
<!-- Generated by org.testng.reporters.JUnitReportReporter -->
<testsuite hostname="LAPTOP-DJTLPK5V" failures="0" tests="1" name="NewTest.NewTest" time="30.743" errors="0" timestamp="2022-10-05T14:42:19 IST" skipped="0">
  <testcase classname="NewTest.NewTest" name="f" time="30.743"/>
  <system-out/>
</testsuite> <!-- NewTest.NewTest -->
