<?xml version="1.0" encoding="UTF-8"?>
<!-- Generated by org.testng.reporters.JUnitReportReporter -->
<testsuite hostname="LAPTOP-DJTLPK5V" failures="0" tests="1" name="intrinsicWait.NewTest" time="37.082" errors="0" timestamp="2022-10-05T15:48:38 IST" skipped="0">
  <testcase classname="intrinsicWait.NewTest" name="testUntitled" time="37.082"/>
  <system-out/>
</testsuite> <!-- intrinsicWait.NewTest -->
