<?xml version="1.0" encoding="UTF-8"?>
<!-- Generated by org.testng.reporters.JUnitReportReporter -->
<testsuite hostname="LAPTOP-DJTLPK5V" failures="0" tests="1" name="loginTestNG.AdminLogin" time="9.374" errors="0" timestamp="2022-10-20T22:08:18 IST" skipped="0">
  <testcase classname="loginTestNG.AdminLogin" name="loginTest" time="9.374"/>
  <system-out/>
</testsuite> <!-- loginTestNG.AdminLogin -->
