<?xml version="1.0" encoding="UTF-8"?>
<!-- Generated by org.testng.reporters.JUnitReportReporter -->
<testsuite hostname="LAPTOP-DJTLPK5V" failures="0" tests="1" name="NewTest.hub" time="6.032" errors="0" timestamp="2022-10-10T16:06:03 IST" skipped="0">
  <testcase classname="NewTest.hub" name="mailTest" time="6.032"/>
  <system-out/>
</testsuite> <!-- NewTest.hub -->
